<?xml version="1.0" encoding="UTF-8"?>
<!-- Generated by org.testng.reporters.JUnitXMLReporter -->
<testsuite hostname="DESKTOP-FS0PAI2" ignored="0" name="Test" tests="4" failures="2" timestamp="27 Aug 2021 06:53:15 GMT" time="39.806" errors="0">
  <testcase name="googletitle" time="20.819" classname="listners.myfirsttestcase"/>
  <testcase name="googletitle" time="18.892" classname="listners.mysecondtestcase"/>
  <testcase name="dummy" time="0.003" classname="listners.myfirsttestcase">
    <failure type="java.lang.AssertionError" message="expected [true] but found [false]">
      <![CDATA[java.lang.AssertionError: expected [true] but found [false]
at listners.myfirsttestcase.dummy(myfirsttestcase.java:38)
... Removed 29 stack frames]]>
    </failure>
  </testcase> <!-- dummy -->
  <testcase name="dummy" time="0.0" classname="listners.mysecondtestcase">
    <failure type="java.lang.AssertionError" message="expected [true] but found [false]">
      <![CDATA[java.lang.AssertionError: expected [true] but found [false]
at listners.mysecondtestcase.dummy(mysecondtestcase.java:36)
... Removed 29 stack frames]]>
    </failure>
  </testcase> <!-- dummy -->
</testsuite> <!-- Test -->
